V1.3
UI Update
Penambahan Tema Transparent
Migrasi Beberapa IPTV
Penambahan Support 20% Untuk STB B860H/HG680P
Support Android 5 Kebawah
Penghapusan beberapa Channel Mati

V1.2:
-Optimalisasi Beberapa Channel
+Perbaikan Bug
-UI dikhususkan Untuk TV (belum selesai)
-Penambahan background
-Ditambahkan thema (gradiasi, panorama, hanya warna)
-Penghapusan beberapa channels
-Mendukung 100% remote

v1.1 :
-Baru dibuat
-UI akan Lebih Friendly Untuk TV Untuk Big Update Kedepannya
-Support Mouse (Untuk button bisa, tapi kurang sempurna)
-UI Mirip Versi Android
